<?xml version="1.0" encoding="UTF-8"?>
<!-- Generated by org.testng.reporters.JUnitReportReporter -->
<testsuite hostname="LAPTOP-NHA54PIJ" name="AppiumTesting.flipTestBrowserTest" tests="1" failures="0" timestamp="22 Jul 2017 06:44:53 GMT" time="89.139" errors="0">
  <testcase name="f" time="89.139" classname="AppiumTesting.flipTestBrowserTest"/>
</testsuite> <!-- AppiumTesting.flipTestBrowserTest -->
